This is pdfeTeX, Version 3.141592-1.21a-2.2 (Web2C 7.5.4) (format=pdflatex 2008.11.23)  16 DEC 2009 16:05
entering extended mode
\write18 enabled.
**aums.sty
(./aums.sty
LaTeX2e <2003/12/01>
Babel <v3.8d> and hyphenation patterns for american, french, german, ngerman, b
ahasa, basque, bulgarian, catalan, croatian, czech, danish, dutch, esperanto, e
stonian, finnish, greek, icelandic, irish, italian, latin, magyar, norsk, polis
h, portuges, romanian, russian, serbian, slovak, slovene, spanish, swedish, tur
kish, ukrainian, nohyphenation, loaded.
Document Style Option 'aums' <22 Oct 2009>
\c@professor=\count79

! LaTeX Error: Missing \begin{document}.

See the LaTeX manual or LaTeX Companion for explanation.
Type  H <return>  for immediate help.
 ...                                              
                                                  
l.290 \let\l@t
              able\l@figure
? 
! Emergency stop.
 ...                                              
                                                  
l.290 \let\l@t
              able\l@figure
You're in trouble here.  Try typing  <return>  to proceed.
If that doesn't work, type  X <return>  to quit.

 
Here is how much of TeX's memory you used:
 41 strings out of 94500
 598 string characters out of 1176113
 48348 words of memory out of 1500000
 3307 multiletter control sequences out of 10000+50000
 3640 words of font info for 14 fonts, out of 1200000 for 2000
 580 hyphenation exceptions out of 8191
 9i,0n,12p,108b,14s stack positions out of 5000i,500n,6000p,200000b,5000s
PDF statistics:
 0 PDF objects out of 65536
 0 named destinations out of 20000
 1 words of extra memory for PDF output out of 65536
No pages of output.
