This is pdfeTeX, Version 3.141592-1.21a-2.2 (Web2C 7.5.4) (format=pdflatex 2010.2.17)  22 MAR 2010 16:03
entering extended mode
\write18 enabled.
**ausample.tex
(./ausample.tex
LaTeX2e <2008/12/01>
Babel <v3.8d> and hyphenation patterns for american, french, german, ngerman, b
ahasa, basque, bulgarian, catalan, croatian, czech, danish, dutch, esperanto, e
stonian, finnish, greek, icelandic, irish, italian, latin, magyar, norsk, polis
h, portuges, romanian, russian, serbian, slovak, slovene, spanish, swedish, tur
kish, ukrainian, nohyphenation, loaded.
(/sw/share/texmf-dist/tex/latex/base/report.cls
Document Class: report 2004/02/16 v1.4f Standard LaTeX document class
(/sw/share/texmf-dist/tex/latex/base/size12.clo
File: size12.clo 2004/02/16 v1.4f Standard LaTeX file (size option)
)
\c@part=\count79
\c@chapter=\count80
\c@section=\count81
\c@subsection=\count82
\c@subsubsection=\count83
\c@paragraph=\count84
\c@subparagraph=\count85
\c@figure=\count86
\c@table=\count87
\abovecaptionskip=\skip41
\belowcaptionskip=\skip42
\bibindent=\dimen102
) (./auphd.sty
Document Style Option 'auphd' <9 Mar 2006>
(./aums.sty
Document Style Option 'aums' <22 Oct 2009>

LaTeX Warning: You have requested package `auphd',
               but the package provides `aums'.

Package: aums 
\c@professor=\count88
(/sw/share/texmf-dist/tex/latex/lastpage/lastpage.sty
Package: lastpage 1994/06/25 v0.1b LaTeX2e package for refs to last page number
 (JPG)
)
(/sw/share/texmf-dist/tex/latex/setspace/setspace.sty
Package: setspace 2000/12/01 6.7 Contributed and Supported LaTeX2e package

Package: `setspace' 6.7 <2000/12/01>
))) (/sw/share/texmf-dist/tex/latex/ulem/ulem.sty
\UL@box=\box26
\UL@hyphenbox=\box27
\UL@skip=\skip43
\UL@hook=\toks14
\UL@pe=\count89
\UL@pixel=\dimen103
\ULC@box=\box28
Package: ulem 2000/05/26
\ULdepth=\dimen104
)
(/sw/share/texmf-dist/tex/latex/url/url.sty
\Urlmuskip=\muskip10
Package: url 2004/03/15  ver 3.1  Verb mode for urls, etc.
)
(/Users/wilson/Library/texmf/tex/latex/pgf/latex/pgf/frontendlayer/tikz.sty
(/Users/wilson/Library/texmf/tex/latex/pgf/latex/pgf/basiclayer/pgf.sty
(/Users/wilson/Library/texmf/tex/latex/pgf/latex/pgf/utilities/pgfrcs.sty
(/Users/wilson/Library/texmf/tex/latex/pgf/generic/pgf/utilities/pgfutil-common
.tex
\pgfutil@everybye=\toks15
)
(/Users/wilson/Library/texmf/tex/latex/pgf/generic/pgf/utilities/pgfutil-latex.
def)
(/Users/wilson/Library/texmf/tex/latex/pgf/generic/pgf/utilities/pgfrcs.code.te
x
Package: pgfrcs 2008/02/20 v2.00 (rcs-revision 1.21)
))
Package: pgf 2008/01/15 v2.00 (rcs-revision 1.12)
 (/Users/wilson/Library/texmf/tex/latex/pgf/latex/pgf/basiclayer/pgfcore.sty (/
sw/share/texmf-dist/tex/latex/graphics/graphicx.sty
Package: graphicx 1999/02/16 v1.0f Enhanced LaTeX Graphics (DPC,SPQR)

(/sw/share/texmf-dist/tex/latex/graphics/keyval.sty
Package: keyval 1999/03/16 v1.13 key=value parser (DPC)
\KV@toks@=\toks16
)
(/sw/share/texmf-dist/tex/latex/graphics/graphics.sty
Package: graphics 2001/07/07 v1.0n Standard LaTeX Graphics (DPC,SPQR)

(/sw/share/texmf-dist/tex/latex/graphics/trig.sty
Package: trig 1999/03/16 v1.09 sin cos tan (DPC)
)
(/sw/share/texmf-dist/tex/latex/graphics/graphics.cfg
File: graphics.cfg 2005/02/03 v1.3 graphics configuration of teTeX/TeXLive
)
Package graphics Info: Driver file: pdftex.def on input line 80.

(/sw/share/texmf-dist/tex/latex/graphics/pdftex.def
File: pdftex.def 2002/06/19 v0.03k graphics/color for pdftex
\Gread@gobject=\count90
))
\Gin@req@height=\dimen105
\Gin@req@width=\dimen106
)
(/Users/wilson/Library/texmf/tex/latex/pgf/latex/pgf/systemlayer/pgfsys.sty
(/Users/wilson/Library/texmf/tex/latex/pgf/generic/pgf/systemlayer/pgfsys.code.
tex
Package: pgfsys 2008/02/07 v2.00 (rcs-revision 1.31)

(/Users/wilson/Library/texmf/tex/latex/pgf/generic/pgf/utilities/pgfkeys.code.t
ex
\pgfkeys@pathtoks=\toks17
\pgfkeys@temptoks=\toks18
)
\pgf@x=\dimen107
\pgf@y=\dimen108
\pgf@xa=\dimen109
\pgf@ya=\dimen110
\pgf@xb=\dimen111
\pgf@yb=\dimen112
\pgf@xc=\dimen113
\pgf@yc=\dimen114
\c@pgf@counta=\count91
\c@pgf@countb=\count92
\c@pgf@countc=\count93
\c@pgf@countd=\count94
 (/Users/wilson/Library/texmf/tex/latex/pgf/generic/pgf/systemlayer/pgf.cfg
File: pgf.cfg 2008/01/13  (rcs-revision 1.6)
)
Package pgfsys Info: Driver file for pgf: pgfsys-pdftex.def on input line 885.

(/Users/wilson/Library/texmf/tex/latex/pgf/generic/pgf/systemlayer/pgfsys-pdfte
x.def
File: pgfsys-pdftex.def 2007/12/20  (rcs-revision 1.20)

(/Users/wilson/Library/texmf/tex/latex/pgf/generic/pgf/systemlayer/pgfsys-commo
n-pdf.def
File: pgfsys-common-pdf.def 2007/12/17  (rcs-revision 1.8)
)))
(/Users/wilson/Library/texmf/tex/latex/pgf/generic/pgf/systemlayer/pgfsyssoftpa
th.code.tex
File: pgfsyssoftpath.code.tex 2008/01/23  (rcs-revision 1.6)
\pgfsyssoftpath@smallbuffer@items=\count95
\pgfsyssoftpath@bigbuffer@items=\count96
)
(/Users/wilson/Library/texmf/tex/latex/pgf/generic/pgf/systemlayer/pgfsysprotoc
ol.code.tex
File: pgfsysprotocol.code.tex 2006/10/16  (rcs-revision 1.4)
)) (/sw/share/texmf-dist/tex/latex/xcolor/xcolor.sty
Package: xcolor 2004/07/04 v2.00 LaTeX color extensions (UK)

(/sw/share/texmf-dist/tex/latex/graphics/color.cfg
File: color.cfg 2005/02/03 v1.3 color configuration of teTeX/TeXLive
)
Package xcolor Info: Driver file: pdftex.def on input line 136.
Package xcolor Info: Color model `cmy' added on input line 972.
Package xcolor Info: Color model `hsb' added on input line 980.
Package xcolor Info: Color model `HTML' added on input line 1000.
Package xcolor Info: Color model `HSB' added on input line 1006.
Package xcolor Info: Color model `Gray' added on input line 1012.
)
(/Users/wilson/Library/texmf/tex/latex/pgf/generic/pgf/basiclayer/pgfcore.code.
tex
Package: pgfcore 2008/01/15 v2.00 (rcs-revision 1.6)

(/Users/wilson/Library/texmf/tex/latex/pgf/generic/pgf/math/pgfmath.code.tex
(/Users/wilson/Library/texmf/tex/latex/pgf/generic/pgf/math/pgfmathcalc.code.te
x
(/Users/wilson/Library/texmf/tex/latex/pgf/generic/pgf/math/pgfmathutil.code.te
x
\pgfmath@box=\box29
)
(/Users/wilson/Library/texmf/tex/latex/pgf/generic/pgf/math/pgfmathparser.code.
tex
\pgfmath@stack=\toks19
\c@pgfmath@parsecounta=\count97
\c@pgfmath@parsecountb=\count98
\c@pgfmath@parsecountc=\count99
\pgfmath@parsex=\dimen115
)
(/Users/wilson/Library/texmf/tex/latex/pgf/generic/pgf/math/pgfmathoperations.c
ode.tex
(/Users/wilson/Library/texmf/tex/latex/pgf/generic/pgf/math/pgfmathtrig.code.te
x)
(/Users/wilson/Library/texmf/tex/latex/pgf/generic/pgf/math/pgfmathrnd.code.tex
))
(/Users/wilson/Library/texmf/tex/latex/pgf/generic/pgf/math/pgfmathbase.code.te
x)))
(/Users/wilson/Library/texmf/tex/latex/pgf/generic/pgf/basiclayer/pgfcorepoints
.code.tex
File: pgfcorepoints.code.tex 2008/02/03  (rcs-revision 1.13)
\pgf@picminx=\dimen116
\pgf@picmaxx=\dimen117
\pgf@picminy=\dimen118
\pgf@picmaxy=\dimen119
\pgf@pathminx=\dimen120
\pgf@pathmaxx=\dimen121
\pgf@pathminy=\dimen122
\pgf@pathmaxy=\dimen123
\pgf@xx=\dimen124
\pgf@xy=\dimen125
\pgf@yx=\dimen126
\pgf@yy=\dimen127
\pgf@zx=\dimen128
\pgf@zy=\dimen129
)
(/Users/wilson/Library/texmf/tex/latex/pgf/generic/pgf/basiclayer/pgfcorepathco
nstruct.code.tex
File: pgfcorepathconstruct.code.tex 2008/02/13  (rcs-revision 1.14)
\pgf@path@lastx=\dimen130
\pgf@path@lasty=\dimen131
)
(/Users/wilson/Library/texmf/tex/latex/pgf/generic/pgf/basiclayer/pgfcorepathus
age.code.tex
File: pgfcorepathusage.code.tex 2008/01/23  (rcs-revision 1.11)
\pgf@shorten@end@additional=\dimen132
\pgf@shorten@start@additional=\dimen133
)
(/Users/wilson/Library/texmf/tex/latex/pgf/generic/pgf/basiclayer/pgfcorescopes
.code.tex
File: pgfcorescopes.code.tex 2008/01/15  (rcs-revision 1.26)
\pgfpic=\box30
\pgf@hbox=\box31
\pgf@layerbox@main=\box32
\pgf@picture@serial@count=\count100
)
(/Users/wilson/Library/texmf/tex/latex/pgf/generic/pgf/basiclayer/pgfcoregraphi
cstate.code.tex
File: pgfcoregraphicstate.code.tex 2007/12/12  (rcs-revision 1.8)
\pgflinewidth=\dimen134
)
(/Users/wilson/Library/texmf/tex/latex/pgf/generic/pgf/basiclayer/pgfcoretransf
ormations.code.tex
File: pgfcoretransformations.code.tex 2008/02/04  (rcs-revision 1.10)
\pgf@pt@x=\dimen135
\pgf@pt@y=\dimen136
\pgf@pt@temp=\dimen137
)
(/Users/wilson/Library/texmf/tex/latex/pgf/generic/pgf/basiclayer/pgfcorequick.
code.tex
File: pgfcorequick.code.tex 2006/10/11  (rcs-revision 1.2)
)
(/Users/wilson/Library/texmf/tex/latex/pgf/generic/pgf/basiclayer/pgfcoreobject
s.code.tex
File: pgfcoreobjects.code.tex 2006/10/11  (rcs-revision 1.2)
)
(/Users/wilson/Library/texmf/tex/latex/pgf/generic/pgf/basiclayer/pgfcorepathpr
ocessing.code.tex
File: pgfcorepathprocessing.code.tex 2008/01/23  (rcs-revision 1.7)
)
(/Users/wilson/Library/texmf/tex/latex/pgf/generic/pgf/basiclayer/pgfcorearrows
.code.tex
File: pgfcorearrows.code.tex 2007/06/07  (rcs-revision 1.8)
)
(/Users/wilson/Library/texmf/tex/latex/pgf/generic/pgf/basiclayer/pgfcoreshade.
code.tex
File: pgfcoreshade.code.tex 2007/12/10  (rcs-revision 1.9)
\pgf@max=\dimen138
\pgf@sys@shading@range@num=\count101
)
(/Users/wilson/Library/texmf/tex/latex/pgf/generic/pgf/basiclayer/pgfcoreimage.
code.tex
File: pgfcoreimage.code.tex 2008/01/15  (rcs-revision 1.1)
\pgfexternal@startupbox=\box33
)
(/Users/wilson/Library/texmf/tex/latex/pgf/generic/pgf/basiclayer/pgfcorelayers
.code.tex
File: pgfcorelayers.code.tex 2008/01/15  (rcs-revision 1.1)
)
(/Users/wilson/Library/texmf/tex/latex/pgf/generic/pgf/basiclayer/pgfcoretransp
arency.code.tex
File: pgfcoretransparency.code.tex 2008/01/17  (rcs-revision 1.2)
)
(/Users/wilson/Library/texmf/tex/latex/pgf/generic/pgf/basiclayer/pgfcorepatter
ns.code.tex
File: pgfcorepatterns.code.tex 2008/01/15  (rcs-revision 1.1)
)))
(/Users/wilson/Library/texmf/tex/latex/pgf/generic/pgf/modules/pgfmoduleshapes.
code.tex
File: pgfmoduleshapes.code.tex 2008/02/13  (rcs-revision 1.4)
\pgfnodeparttextbox=\box34
\toks@savedmacro=\toks20
)
(/Users/wilson/Library/texmf/tex/latex/pgf/generic/pgf/modules/pgfmoduleplot.co
de.tex
File: pgfmoduleplot.code.tex 2008/01/15  (rcs-revision 1.1)
\pgf@plotwrite=\write3
)
(/Users/wilson/Library/texmf/tex/latex/pgf/latex/pgf/compatibility/pgfcomp-vers
ion-0-65.sty
Package: pgfcomp-version-0-65 2007/07/03 v2.00 (rcs-revision 1.7)
\pgf@nodesepstart=\dimen139
\pgf@nodesepend=\dimen140
)
(/Users/wilson/Library/texmf/tex/latex/pgf/latex/pgf/compatibility/pgfcomp-vers
ion-1-18.sty
Package: pgfcomp-version-1-18 2007/07/23 v2.00 (rcs-revision 1.1)
))
(/Users/wilson/Library/texmf/tex/latex/pgf/latex/pgf/utilities/pgffor.sty
(/Users/wilson/Library/texmf/tex/latex/pgf/generic/pgf/utilities/pgffor.code.te
x
Package: pgffor 2007/11/07 v2.00 (rcs-revision 1.8)
\pgffor@iter=\dimen141
\pgffor@skip=\dimen142
))
(/Users/wilson/Library/texmf/tex/latex/pgf/generic/pgf/frontendlayer/tikz/tikz.
code.tex
Package: tikz 2008/02/13 v2.00 (rcs-revision 1.27)

(/Users/wilson/Library/texmf/tex/latex/pgf/generic/pgf/libraries/pgflibraryplot
handlers.code.tex
File: pgflibraryplothandlers.code.tex 2007/03/09 v2.00 (rcs-revision 1.9)
\pgf@plot@mark@count=\count102
\pgfplotmarksize=\dimen143
)
\tikz@lastx=\dimen144
\tikz@lasty=\dimen145
\tikz@lastxsaved=\dimen146
\tikz@lastysaved=\dimen147
\tikzleveldistance=\dimen148
\tikzsiblingdistance=\dimen149
\tikz@figbox=\box35
\tikz@tempbox=\box36
\tikztreelevel=\count103
\tikznumberofchildren=\count104
\tikznumberofcurrentchild=\count105
\tikz@fig@count=\count106

(/Users/wilson/Library/texmf/tex/latex/pgf/generic/pgf/modules/pgfmodulematrix.
code.tex
File: pgfmodulematrix.code.tex 2008/01/15  (rcs-revision 1.1)
\pgfmatrixcurrentrow=\count107
\pgfmatrixcurrentcolumn=\count108
\pgf@matrix@numberofcolumns=\count109
)
\tikz@expandcount=\count110

(/Users/wilson/Library/texmf/tex/latex/pgf/generic/pgf/frontendlayer/tikz/libra
ries/tikzlibrarytopaths.code.tex
File: tikzlibrarytopaths.code.tex 2008/01/09 v2.00 (rcs-revision 1.1)
)))
(/sw/share/texmf-dist/tex/latex/nomencl/nomencl.sty
Package: nomencl 2005/09/22 v4.2 Nomenclature package (LN)
\nomlabelwidth=\dimen150
\nom@tempdim=\dimen151
\nomitemsep=\skip44
)
\@nomenclaturefile=\write4
\openout4 = `ausample.nlo'.


Writing nomenclature file ausample.nlo
\c@theorem=\count111
No file ausample.aux.
\openout1 = `ausample.aux'.

LaTeX Font Info:    Checking defaults for OML/cmm/m/it on input line 53.
LaTeX Font Info:    ... okay on input line 53.
LaTeX Font Info:    Checking defaults for T1/cmr/m/n on input line 53.
LaTeX Font Info:    ... okay on input line 53.
LaTeX Font Info:    Checking defaults for OT1/cmr/m/n on input line 53.
LaTeX Font Info:    ... okay on input line 53.
LaTeX Font Info:    Checking defaults for OMS/cmsy/m/n on input line 53.
LaTeX Font Info:    ... okay on input line 53.
LaTeX Font Info:    Checking defaults for OMX/cmex/m/n on input line 53.
LaTeX Font Info:    ... okay on input line 53.
LaTeX Font Info:    Checking defaults for U/cmr/m/n on input line 53.
LaTeX Font Info:    ... okay on input line 53.
(/sw/share/texmf-dist/tex/context/base/supp-pdf.tex
(/sw/share/texmf-dist/tex/context/base/supp-mis.tex
loading : Context Support Macros / Miscellaneous (2004.10.26)
\protectiondepth=\count112
\scratchcounter=\count113
\scratchtoks=\toks21
\scratchdimen=\dimen152
\scratchskip=\skip45
\scratchmuskip=\muskip11
\scratchbox=\box37
\scratchread=\read1
\scratchwrite=\write5
\zeropoint=\dimen153
\onepoint=\dimen154
\onebasepoint=\dimen155
\minusone=\count114
\thousandpoint=\dimen156
\onerealpoint=\dimen157
\emptytoks=\toks22
\nextbox=\box38
\nextdepth=\dimen158
\everyline=\toks23
\!!counta=\count115
\!!countb=\count116
\recursecounter=\count117
)
loading : Context Support Macros / PDF (2004.03.26)
\nofMPsegments=\count118
\nofMParguments=\count119
\MPscratchCnt=\count120
\MPscratchDim=\dimen159
\MPnumerator=\count121
\everyMPtoPDFconversion=\toks24
)
LaTeX Font Info:    External font `cmex10' loaded for size
(Font)              <12> on input line 57.
LaTeX Font Info:    External font `cmex10' loaded for size
(Font)              <8> on input line 57.
LaTeX Font Info:    External font `cmex10' loaded for size
(Font)              <6> on input line 57.
 [1

{/sw/var/lib/texmf/fonts/map/pdftex/updmap/pdftex.map}] [2] [3]
No file ausample.toc.
\tf@toc=\write6
\openout6 = `ausample.toc'.

[4

]
No file ausample.lof.
\tf@lof=\write7
\openout7 = `ausample.lof'.

[5

]
No file ausample.lot.
\tf@lot=\write8
\openout8 = `ausample.lot'.

(./ausample.nls [6

]) [7

]
Chapter 1.

LaTeX Warning: Citation `lamport' on page 1 undefined on input line 90.


LaTeX Warning: Citation `hahn' on page 1 undefined on input line 91.


LaTeX Warning: Reference `tab:results' on page 1 undefined on input line 99.


LaTeX Warning: Reference `HollowCircles' on page 1 undefined on input line 150.


[1


] [2]
Chapter 2.
[3

] [4

] [5

]
Appendix A.
LaTeX Font Info:    External font `cmex10' loaded for size
(Font)              <7> on input line 227.
LaTeX Font Info:    External font `cmex10' loaded for size
(Font)              <5> on input line 227.
[6

] AED: lastpage setting LastPage (./ausample.aux)

LaTeX Warning: There were undefined references.


LaTeX Warning: Label(s) may have changed. Rerun to get cross-references right.

 ) 
Here is how much of TeX's memory you used:
 7471 strings out of 94500
 132342 string characters out of 1176114
 174046 words of memory out of 1500000
 10489 multiletter control sequences out of 10000+50000
 7473 words of font info for 28 fonts, out of 1200000 for 2000
 580 hyphenation exceptions out of 8191
 47i,9n,49p,333b,477s stack positions out of 5000i,500n,6000p,200000b,5000s
PDF statistics:
 78 PDF objects out of 65536
 0 named destinations out of 20000
 13 words of extra memory for PDF output out of 65536
</sw/share/texmf-dist/fonts/type1/bluesky/cm/cmtt10.pfb></sw/share/texmf-dist
/fonts/type1/bluesky/cm/cmr10.pfb></sw/share/texmf-dist/fonts/type1/bluesky/cm/
cmr7.pfb></sw/share/texmf-dist/fonts/type1/bluesky/cm/cmmi12.pfb></sw/share/tex
mf-dist/fonts/type1/bluesky/cm/cmsy10.pfb></sw/share/texmf-dist/fonts/type1/blu
esky/latex/lcircle1.pfb></sw/share/texmf-dist/fonts/type1/bluesky/cm/cmti12.pfb
></sw/share/texmf-dist/fonts/type1/bluesky/cm/cmtt12.pfb></sw/share/texmf-dist/
fonts/type1/bluesky/cm/cmr8.pfb></sw/share/texmf-dist/fonts/type1/bluesky/cm/cm
r12.pfb></sw/share/texmf-dist/fonts/type1/bluesky/cm/cmbx12.pfb>
Output written on ausample.pdf (13 pages, 83963 bytes).
